<?xml version="1.0" encoding="UTF-8"?>
<!-- Generated by org.testng.reporters.JUnitReportReporter -->
<testsuite hostname="DESKTOP" failures="0" tests="3" name="TestMain.TestNg" time="5.379" errors="0" timestamp="14 דצמ׳ 2020 10:14:59 GMT" skipped="0">
  <testcase classname="TestMain.TestNg" name="TestButttonLinkGooglePage" time="0.108"/>
  <testcase classname="TestMain.TestNg" name="testSearchItems" time="5.158"/>
  <testcase classname="TestMain.TestNg" name="TestImagesLinkGooglePage" time="0.113"/>
</testsuite> <!-- TestMain.TestNg -->
